<?xml version="1.0" encoding="UTF-8"?>
<!-- Generated by org.testng.reporters.JUnitReportReporter -->
<testsuite hostname="DESKTOP-G4VDTAR" failures="0" tests="4" name="com.TestCases.LoginPageTest" time="40.748" errors="0" timestamp="2020-11-11T10:28:53 EST" skipped="0">
  <testcase classname="com.TestCases.LoginPageTest" name="VerifyLogoofThePage" time="7.787"/>
  <system-out/>
  <testcase classname="com.TestCases.LoginPageTest" name="VerifyLoginPage" time="10.369"/>
  <system-out/>
  <testcase classname="com.TestCases.LoginPageTest" name="VerifyTitleofThePage" time="7.703"/>
  <system-out/>
  <testcase classname="com.TestCases.LoginPageTest" name="verifyErrorMessagewithinvaliduspw" time="14.889"/>
  <system-out/>
</testsuite> <!-- com.TestCases.LoginPageTest -->
