<?xml version="1.0" encoding="UTF-8"?>
<!-- Generated by org.testng.reporters.JUnitReportReporter -->
<testsuite hostname="DESKTOP-G4VDTAR" failures="0" tests="2" name="com.TestCases.LoginPageTest" time="17.357" errors="0" timestamp="2020-11-20T11:38:20 EST" skipped="0">
  <testcase classname="com.TestCases.LoginPageTest" name="WhiteBackground" time="8.281"/>
  <system-out/>
  <testcase classname="com.TestCases.LoginPageTest" name="BlueBackground" time="9.076"/>
  <system-out/>
</testsuite> <!-- com.TestCases.LoginPageTest -->
