<?xml version="1.0" encoding="UTF-8"?>
<!-- Generated by org.testng.reporters.JUnitReportReporter -->
<testsuite hostname="DESKTOP-G4VDTAR" failures="0" tests="3" name="com.TestCases.MonthsPagesTest" time="24.263" errors="0" timestamp="2020-11-24T17:12:16 EST" skipped="0">
  <testcase classname="com.TestCases.MonthsPagesTest" name="WhiteBackground" time="7.493"/>
  <system-out/>
  <testcase classname="com.TestCases.MonthsPagesTest" name="BlueBackground" time="8.739"/>
  <system-out/>
  <testcase classname="com.TestCases.MonthsPagesTest" name="verifytheTwelveMonths" time="8.031"/>
  <system-out/>
</testsuite> <!-- com.TestCases.MonthsPagesTest -->
