<?xml version="1.0" encoding="UTF-8"?>
<!-- Generated by org.testng.reporters.JUnitReportReporter -->
<testsuite hostname="DESKTOP-G4VDTAR" failures="0" tests="4" name="com.TestCases.ProductNServicePageTest" time="60.256" errors="0" timestamp="2020-11-10T21:43:20 EST" skipped="0">
  <testcase classname="com.TestCases.ProductNServicePageTest" name="CreateNewOrder" time="15.181"/>
  <system-out/>
  <testcase classname="com.TestCases.ProductNServicePageTest" name="CreateNewOrder" time="14.767"/>
  <system-out/>
  <testcase classname="com.TestCases.ProductNServicePageTest" name="CreateNewOrder" time="15.215"/>
  <system-out/>
  <testcase classname="com.TestCases.ProductNServicePageTest" name="CreateNewOrder" time="15.093"/>
  <system-out/>
</testsuite> <!-- com.TestCases.ProductNServicePageTest -->
