<?xml version="1.0" encoding="UTF-8"?>
<!-- Generated by org.testng.reporters.JUnitReportReporter -->
<testsuite hostname="DESKTOP-G4VDTAR" failures="0" tests="1" name="com.TestCases.CategoryPageTest" time="8.512" errors="0" timestamp="2020-11-25T23:04:46 EST" skipped="0">
  <testcase classname="com.TestCases.CategoryPageTest" name="WhiteBackground" time="8.512"/>
  <system-out/>
</testsuite> <!-- com.TestCases.CategoryPageTest -->
